<?xml version="1.0" encoding="UTF-8"?>
<!-- Generated by org.testng.reporters.JUnitXMLReporter -->
<testsuite hostname="Nishits-MBP.fios-router.home" name="Free CRM App Test Cases" tests="11" failures="0" timestamp="4 Jun 2019 17:25:46 GMT" time="123.076" errors="0">
  <testcase name="verifyContactsLabelTest" time="0.033" classname="com.crm.qa.tests.ContactsPageTest"/>
  <testcase name="selectcontactsPageByNameTest" time="0.078" classname="com.crm.qa.tests.ContactsPageTest"/>
  <testcase name="validateCreateNewContact" time="4.99" classname="com.crm.qa.tests.ContactsPageTest"/>
  <testcase name="validateCreateNewContact" time="4.967" classname="com.crm.qa.tests.ContactsPageTest"/>
  <testcase name="validateCreateNewContact" time="5.037" classname="com.crm.qa.tests.ContactsPageTest"/>
  <testcase name="loginTest" time="4.171" classname="com.crm.qa.tests.LoginPageTest"/>
  <testcase name="verifyHomePageTitleTest" time="3.011" classname="com.crm.qa.tests.HomePageTest"/>
  <testcase name="verifyUserLableTest" time="0.061" classname="com.crm.qa.tests.HomePageTest"/>
  <testcase name="clickOnContactsLinkTest" time="2.612" classname="com.crm.qa.tests.HomePageTest"/>
  <testcase name="clickOnDealsLinkTest" time="0.601" classname="com.crm.qa.tests.HomePageTest"/>
  <testcase name="clickonTaskslinkTest" time="0.551" classname="com.crm.qa.tests.HomePageTest"/>
</testsuite> <!-- Free CRM App Test Cases -->
