<?xml version="1.0" encoding="UTF-8"?>
<!-- Generated by org.testng.reporters.JUnitXMLReporter -->
<testsuite hostname="Nishits-MBP.fios-router.home" name="Default test" tests="2" failures="0" timestamp="12 Jun 2019 04:03:26 GMT" time="29.325" errors="0">
  <testcase name="validateAdvancedSearchCompanies" time="0.068" classname="com.crm.qa.tests.CompaniesPageTest"/>
  <testcase name="createNewCompany" time="8.182" classname="com.crm.qa.tests.CompaniesPageTest"/>
</testsuite> <!-- Default test -->
