<?xml version="1.0" encoding="UTF-8"?>
<!-- Generated by org.testng.reporters.JUnitXMLReporter -->
<testsuite hostname="Nishits-MBP.fios-router.home" name="Test" tests="8" failures="1" timestamp="3 Jun 2019 06:24:09 GMT" time="70.498" errors="0">
  <testcase name="verifyContactsLabelTest" time="0.032" classname="com.crm.qa.tests.ContactsPageTest"/>
  <testcase name="selectcontactsPageByNameTest" time="0.089" classname="com.crm.qa.tests.ContactsPageTest"/>
  <testcase name="loginTest" time="4.036" classname="com.crm.qa.tests.LoginPageTest"/>
  <testcase name="verifyHomePageTitleTest" time="0.011" classname="com.crm.qa.tests.HomePageTest">
    <failure type="java.lang.AssertionError" message="CRMPRO expected:&amp;lt;CRMPRO&amp;gt; but was:&amp;lt;Home page title is not matched&amp;gt;">
      <![CDATA[java.lang.AssertionError: CRMPRO expected:<CRMPRO> but was:<Home page title is not matched>
	at com.crm.qa.tests.HomePageTest.verifyHomePageTitleTest(HomePageTest.java:42)
... Removed 26 stack frames]]>
    </failure>
  </testcase> <!-- verifyHomePageTitleTest -->
  <testcase name="verifyUserLableTest" time="0.061" classname="com.crm.qa.tests.HomePageTest"/>
  <testcase name="clickOnContactsLinkTest" time="2.551" classname="com.crm.qa.tests.HomePageTest"/>
  <testcase name="clickOnDealsLinkTest" time="0.962" classname="com.crm.qa.tests.HomePageTest"/>
  <testcase name="clickonTaskslinkTest" time="0.589" classname="com.crm.qa.tests.HomePageTest"/>
</testsuite> <!-- Test -->
